<?xml version="1.0" encoding="UTF-8"?>
<!-- Generated by org.testng.reporters.JUnitXMLReporter -->
<testsuite ignored="4" hostname="DESKTOP-P4Q0RBP" failures="6" tests="6" name="Default test(failed)" time="0.188" errors="0" timestamp="2026-02-05T17:47:59 IST">
  <testcase classname="Retry_Annalyzer.Test_Case" name="test6" time="0.033">
    <failure type="java.lang.AssertionError" message="expected [1] but found [66]">
      <![CDATA[java.lang.AssertionError: expected [1] but found [66]
at Retry_Annalyzer.Test_Case.test6(Test_Case.java:36)
at java.base/java.util.ArrayList.forEach(ArrayList.java:1511)
... Removed 34 stack frames]]>
    </failure>
  </testcase> <!-- test6 -->
  <testcase classname="Retry_Annalyzer.Test_Case" name="test10" time="0.003">
    <failure type="java.lang.AssertionError" message="expected [80] but found [90]">
      <![CDATA[java.lang.AssertionError: expected [80] but found [90]
at Retry_Annalyzer.Test_Case.test10(Test_Case.java:56)
at java.base/java.util.ArrayList.forEach(ArrayList.java:1511)
... Removed 34 stack frames]]>
    </failure>
  </testcase> <!-- test10 -->
  <testcase classname="Retry_Annalyzer.Test_Case" name="test5" time="0.002">
    <failure type="java.lang.AssertionError" message="expected [69] but found [87]">
      <![CDATA[java.lang.AssertionError: expected [69] but found [87]
at Retry_Annalyzer.Test_Case.test5(Test_Case.java:31)
at java.base/java.util.ArrayList.forEach(ArrayList.java:1511)
... Removed 34 stack frames]]>
    </failure>
  </testcase> <!-- test5 -->
  <testcase classname="Retry_Annalyzer.Test_Case" name="test2" time="0.003">
    <failure type="java.lang.AssertionError" message="expected [10] but found [1]">
      <![CDATA[java.lang.AssertionError: expected [10] but found [1]
at Retry_Annalyzer.Test_Case.test2(Test_Case.java:16)
at java.base/java.util.ArrayList.forEach(ArrayList.java:1511)
... Removed 34 stack frames]]>
    </failure>
  </testcase> <!-- test2 -->
  <testcase classname="Retry_Annalyzer.Test_Case" name="test3" time="0.003">
    <failure type="java.lang.AssertionError" message="expected [37] but found [10]">
      <![CDATA[java.lang.AssertionError: expected [37] but found [10]
at Retry_Annalyzer.Test_Case.test3(Test_Case.java:21)
at java.base/java.util.ArrayList.forEach(ArrayList.java:1511)
... Removed 34 stack frames]]>
    </failure>
  </testcase> <!-- test3 -->
  <testcase classname="Retry_Annalyzer.Test_Case" name="test8" time="0.002">
    <failure type="java.lang.AssertionError" message="expected [10] but found [31]">
      <![CDATA[java.lang.AssertionError: expected [10] but found [31]
at Retry_Annalyzer.Test_Case.test8(Test_Case.java:46)
at java.base/java.util.ArrayList.forEach(ArrayList.java:1511)
... Removed 34 stack frames]]>
    </failure>
  </testcase> <!-- test8 -->
  <testcase classname="Retry_Annalyzer.Test_Case" name="test9" time="0.0">
    <ignored/>
  </testcase> <!-- test9 -->
  <testcase classname="Retry_Annalyzer.Test_Case" name="test7" time="0.0">
    <ignored/>
  </testcase> <!-- test7 -->
  <testcase classname="Retry_Annalyzer.Test_Case" name="test1" time="0.0">
    <ignored/>
  </testcase> <!-- test1 -->
  <testcase classname="Retry_Annalyzer.Test_Case" name="test4" time="0.0">
    <ignored/>
  </testcase> <!-- test4 -->
</testsuite> <!-- Default test(failed) -->
