<?xml version="1.0" encoding="UTF-8"?>
<!-- Generated by org.testng.reporters.JUnitXMLReporter -->
<testsuite ignored="0" hostname="DESKTOP-P4Q0RBP" failures="1" tests="1" name="Test" time="0.138" errors="0" timestamp="2026-02-06T17:49:22 IST">
  <testcase classname="Com.Parameter.TestCase" name="testRegister" time="0.0">
    <failure type="org.testng.TestNGException" message="
Parameter &amp;apos;password&amp;apos; is required by @Test on method testRegister but has not been marked @Optional or defined
in C:\Users\Admin\Desktop\Selenium batch 274&amp;amp;276\TKA.Maven_Automation_Project\testng.xml">
      <![CDATA[org.testng.TestNGException: 
Parameter 'password' is required by @Test on method testRegister but has not been marked @Optional or defined
in C:\Users\Admin\Desktop\Selenium batch 274&276\TKA.Maven_Automation_Project\testng.xml
at java.base/java.util.concurrent.Executors$RunnableAdapter.call(Executors.java:539)
at java.base/java.util.concurrent.FutureTask.run(FutureTask.java:264)
at java.base/java.util.concurrent.ThreadPoolExecutor.runWorker(ThreadPoolExecutor.java:1136)
at java.base/java.util.concurrent.ThreadPoolExecutor$Worker.run(ThreadPoolExecutor.java:635)
at java.base/java.lang.Thread.run(Thread.java:842)
... Removed 12 stack frames]]>
    </failure>
  </testcase> <!-- testRegister -->
</testsuite> <!-- Test -->
