<?xml version="1.0" encoding="UTF-8"?>
<!-- Generated by org.testng.reporters.JUnitReportReporter -->
<testsuite hostname="DESKTOP-P4Q0RBP" failures="0" tests="4" name="Com.TestCases.LoginTestCases" time="11.082" errors="0" timestamp="2026-01-30T11:54:45 IST" skipped="0">
  <testcase classname="Com.TestCases.LoginTestCases" name="testInvalidUsername" time="2.093"/>
  <testcase classname="Com.TestCases.LoginTestCases" name="testvalid" time="2.164"/>
  <testcase classname="Com.TestCases.LoginTestCases" name="testInvalidPassword" time="4.769"/>
  <testcase classname="Com.TestCases.LoginTestCases" name="testBothInvalid" time="2.056"/>
</testsuite> <!-- Com.TestCases.LoginTestCases -->
